Reading netlist file: "C:\Users\enthru\Desktop\DDC-receiver-Tang-Nano-9K\impl\gwsynthesis\reciever.vg"
Parsing netlist file "C:\Users\enthru\Desktop\DDC-receiver-Tang-Nano-9K\impl\gwsynthesis\reciever.vg" completed
Processing netlist completed
Reading constraint file: "C:\Users\enthru\Desktop\DDC-receiver-Tang-Nano-9K\src\reciever.cst"
WARN  (CT1122) : 'Reconfig' will be placed to RECONFIGN pin according to constraint, and then the signal may lead to gwCONFIG programming directly
Physical Constraint parsed completed
Running placement......
[10%] Placement Phase 0 completed
[20%] Placement Phase 1 completed
[30%] Placement Phase 2 completed
WARN  (TA1117) : Can't calculate clocks' relationship between: "sck" and "decim_avail"
WARN  (TA1117) : Can't calculate clocks' relationship between: "decim_avail" and "sck"
WARN  (TA1117) : Can't calculate clocks' relationship between: "decim_avail" and "BCK"
[50%] Placement Phase 3 completed
Running routing......
[60%] Routing Phase 0 completed
[70%] Routing Phase 1 completed
[80%] Routing Phase 2 completed
[90%] Routing Phase 3 completed
Running timing analysis......
[95%] Timing analysis completed
Placement and routing completed
Bitstream generation in progress......
Bitstream generation completed
Running power analysis......
[100%] Power analysis completed
Generate file "C:\Users\enthru\Desktop\DDC-receiver-Tang-Nano-9K\impl\pnr\reciever.power.html" completed
Generate file "C:\Users\enthru\Desktop\DDC-receiver-Tang-Nano-9K\impl\pnr\reciever.pin.html" completed
Generate file "C:\Users\enthru\Desktop\DDC-receiver-Tang-Nano-9K\impl\pnr\reciever.rpt.html" completed
Generate file "C:\Users\enthru\Desktop\DDC-receiver-Tang-Nano-9K\impl\pnr\reciever.rpt.txt" completed
Generate file "C:\Users\enthru\Desktop\DDC-receiver-Tang-Nano-9K\impl\pnr\reciever.tr.html" completed
Wed Feb 19 22:44:43 2025

